SF:lib/src/calculator.dart
DA:2,2
DA:3,2
DA:4,1
DA:5,2
DA:6,0
DA:9,1
DA:10,4
DA:13,3
LF:8
LH:7
end_of_record
SF:lib/main.dart
DA:3,0
DA:4,0
DA:8,1
DA:10,1
DA:12,1
DA:15,1
DA:21,2
DA:25,1
DA:26,1
DA:32,1
DA:33,2
DA:34,2
DA:38,1
DA:40,1
DA:41,1
DA:42,3
DA:44,1
DA:45,1
DA:47,1
DA:48,1
DA:51,1
DA:52,2
DA:53,3
DA:58,1
DA:59,1
DA:61,1
LF:26
LH:24
end_of_record
SF:lib/calculator_app.dart
DA:4,0
DA:8,1
DA:11,1
DA:13,1
DA:14,1
DA:15,1
DA:16,1
DA:17,2
DA:18,1
DA:19,1
DA:20,1
DA:29,1
DA:31,1
DA:32,1
DA:40,1
DA:42,1
DA:44,1
DA:45,8
DA:46,2
DA:53,2
DA:55,1
DA:57,1
LF:22
LH:21
end_of_record
